2025-04-03 @ 12-25-16:  [InitializeContainer] Winds: Vector <4.147846, 0.000000, 8.928240>, Speed 9.8447mps, Strength 0
2025-04-03 @ 12-25-16:  [InitializeContainer] Parachute created on @ <1119.719604, 92.216454, 13367.728516>
2025-04-03 @ 12-25-16:  [InitializeContainer] Not Server!
2025-04-03 @ 12-25-28:  [AirdropContainerFall] Airdrop Container Touchdown @ <1119.719604, 7.866112, 13367.728516>
2025-04-03 @ 12-25-28:  [ADU_RemoveParachute] Parachute removed.
2025-04-03 @ 12-25-28:  [ADU_RepositionContainer] Container repositioned.
2025-04-03 @ 12-25-28:  [ADU_SpawnItems] Drop Type 'Building Supplies 2', Container: 'AirdropContainer', Mode/Quantity/Iems: Random/40/129, Flare:  10%
2025-04-03 @ 12-25-28:  ------------------------------------------------------------------------------------------------------------------------------------------------------------------------------------
2025-04-03 @ 12-25-28:  [ADU_SpawnItems] Loot Spawned [0] Renegade_PurpleSuedeCarTent (Printine) @ <1120.779663, 7.000000, 13365.960938> ... Lifespan:  Set to 60 minutes.
2025-04-03 @ 12-25-28:  [ADU_SpawnItems] Spawn failed for item [2] 'Msp_MilitaryCrate_Brown', does not exist in DayZ!
2025-04-03 @ 12-25-28:  [ADU_SpawnItems] Loot Spawned [0] NailBox (Printine) @ <1125.203979, 7.000000, 13363.091797> ... Lifespan:  Set to 60 minutes.
2025-04-03 @ 12-25-28:  [ADU_SpawnItems] Loot Spawned [0] BBP_Mortar_Mix (Worn) @ <1117.649048, 7.000000, 13366.070313> ... Lifespan:  Set to 60 minutes.
2025-04-03 @ 12-25-28:  [ADU_SpawnItems] Loot Spawned [0] BBP_Cement (Worn) @ <1113.420532, 7.000000, 13365.527344> ... Lifespan:  Set to 60 minutes.
2025-04-03 @ 12-25-28:  [ADU_SpawnItems] Loot Spawned [0] Screwdriver (Printine) @ <1120.126099, 7.000000, 13369.748047> ... Lifespan:  Set to 60 minutes.
2025-04-03 @ 12-25-28:  [ADU_SpawnItems] Loot Spawned [0] BBP_Mortar_Mix (Worn) @ <1120.750732, 7.000000, 13374.861328> ... Lifespan:  Set to 60 minutes.
2025-04-03 @ 12-25-28:  [ADU_SpawnItems] Spawn failed for item [8] 'Msp_KiddiePool_Kit', does not exist in DayZ!
2025-04-03 @ 12-25-28:  [ADU_SpawnItems] Loot Spawned [0] Codelock (Worn) @ <1110.613892, 7.000000, 13368.028320> ... Lifespan:  Set to 60 minutes.
2025-04-03 @ 12-25-28:  [ADU_SpawnItems] Spawn failed for item [10] 'MassKivaari', does not exist in DayZ!
2025-04-03 @ 12-25-28:  [ADU_SpawnItems] Loot Spawned [0] BBP_Concrete_Brick_Pile (Printine) @ <1118.753418, 7.000000, 13368.748047> ... Lifespan:  Set to 60 minutes.
2025-04-03 @ 12-25-28:  [ADU_SpawnItems] Loot Spawned [0] BBP_Cement (Worn) @ <1119.475586, 7.000000, 13366.386719> ... Lifespan:  Set to 60 minutes.
2025-04-03 @ 12-25-28:  [ADU_SpawnItems] Loot Spawned [0] CodeLock (Printine) @ <1119.985596, 7.000000, 13364.645508> ... Lifespan:  Set to 60 minutes.
2025-04-03 @ 12-25-28:  [ADU_SpawnItems] Loot Spawned [0] BBP_Mortar_Mix (Printine) @ <1113.120361, 7.000000, 13372.223633> ... Lifespan:  Set to 60 minutes.
2025-04-03 @ 12-25-28:  [ADU_SpawnItems] Loot Spawned [0] BBP_Concrete_Brick_Pile (Printine) @ <1112.195190, 7.000000, 13364.224609> ... Lifespan:  Set to 60 minutes.
2025-04-03 @ 12-25-28:  [ADU_SpawnItems] Loot Spawned [0] NailBox (Printine) @ <1118.676392, 7.000000, 13368.706055> ... Lifespan:  Set to 60 minutes.
2025-04-03 @ 12-25-28:  [ADU_SpawnItems] Loot Spawned [0] NailBox (Printine) @ <1118.066772, 7.000000, 13372.586914> ... Lifespan:  Set to 60 minutes.
2025-04-03 @ 12-25-28:  [ADU_SpawnItems] Spawn failed for item [18] 'HDSN_Detonator', does not exist in DayZ!
2025-04-03 @ 12-25-28:  [ADU_SpawnItems] Loot Spawned [0] CodeLock (Worn) @ <1116.623901, 7.000000, 13364.310547> ... Lifespan:  Set to 60 minutes.
2025-04-03 @ 12-25-28:  [ADU_SpawnItems] Loot Spawned [0] BBP_Mortar_Mix (Printine) @ <1119.669312, 7.000000, 13365.681641> ... Lifespan:  Set to 60 minutes.
2025-04-03 @ 12-25-28:  [ADU_SpawnItems] Loot Spawned [0] BBP_Concrete_Brick_Pile (Printine) @ <1119.717041, 7.000000, 13373.645508> ... Lifespan:  Set to 60 minutes.
2025-04-03 @ 12-25-28:  [ADU_SpawnItems] Loot Spawned [0] BBP_Concrete_Brick_Pile (Worn) @ <1118.376221, 7.000000, 13376.817383> ... Lifespan:  Set to 60 minutes.
2025-04-03 @ 12-25-28:  [ADU_SpawnItems] Loot Spawned [0] NailBox (Printine) @ <1126.109863, 7.000000, 13367.447266> ... Lifespan:  Set to 60 minutes.
2025-04-03 @ 12-25-28:  [ADU_SpawnItems] Loot Spawned [0] NailBox (Printine) @ <1128.123535, 7.000000, 13363.329102> ... Lifespan:  Set to 60 minutes.
2025-04-03 @ 12-25-28:  [ADU_SpawnItems] Loot Spawned [0] BBP_Cement (Worn) @ <1120.505493, 7.000000, 13365.307617> ... Lifespan:  Set to 60 minutes.
2025-04-03 @ 12-25-28:  [ADU_SpawnItems] Loot Spawned [0] Renegade_BlueGrunge_2CarTent (Printine) @ <1118.332031, 7.000000, 13361.113281> ... Lifespan:  Set to 60 minutes.
2025-04-03 @ 12-25-28:  [ADU_SpawnItems] Loot Spawned [0] BBP_Carpet_1 (Worn) @ <1115.755127, 7.000000, 13360.411133> ... Lifespan:  Set to 60 minutes.
2025-04-03 @ 12-25-28:  [ADU_SpawnItems] Loot Spawned [0] Renegade_BlackYellowPixelCarTent (Worn) @ <1120.508179, 7.000000, 13369.154297> ... Lifespan:  Set to 60 minutes.
2025-04-03 @ 12-25-28:  [ADU_SpawnItems] Loot Spawned [0] BBP_Cement (Printine) @ <1127.571655, 7.000000, 13370.963867> ... Lifespan:  Set to 60 minutes.
2025-04-03 @ 12-25-28:  [ADU_SpawnItems] Loot Spawned [0] Renegade_RedCamoCarTent (Printine) @ <1119.763550, 7.000000, 13369.414063> ... Lifespan:  Set to 60 minutes.
2025-04-03 @ 12-25-28:  [ADU_SpawnItems] Loot Spawned [0] HandSaw (Printine) @ <1113.419312, 7.000000, 13371.981445> ... Lifespan:  Set to 60 minutes.
2025-04-03 @ 12-25-28:  [ADU_SpawnItems] Loot Spawned [0] BBP_Concrete_Brick_Pile (Printine) @ <1118.529175, 7.000000, 13368.172852> ... Lifespan:  Set to 60 minutes.
2025-04-03 @ 12-25-28:  [ADU_SpawnItems] Loot Spawned [0] Hatchet (Worn) @ <1119.787231, 7.000000, 13364.154297> ... Lifespan:  Set to 60 minutes.
2025-04-03 @ 12-25-28:  [ADU_SpawnItems] Loot Spawned [0] Hatchet (Printine) @ <1122.603882, 7.000000, 13367.697266> ... Lifespan:  Set to 60 minutes.
2025-04-03 @ 12-25-28:  [ADU_SpawnItems] Loot Spawned [0] CodeLock (Printine) @ <1116.905762, 7.000000, 13366.880859> ... Lifespan:  Set to 60 minutes.
2025-04-03 @ 12-25-28:  [ADU_SpawnItems] Loot Spawned [0] Renegade_BlackCarTent (Worn) @ <1121.293457, 7.000000, 13375.803711> ... Lifespan:  Set to 60 minutes.
2025-04-03 @ 12-25-28:  [ADU_SpawnItems] Loot Spawned [0] BBP_Concrete_Brick_Pile (Printine) @ <1114.068359, 7.000000, 13367.287109> ... Lifespan:  Set to 60 minutes.
2025-04-03 @ 12-25-28:  [ADU_SpawnItems] Loot Spawned [0] HandSaw (Printine) @ <1125.204590, 7.000000, 13365.677734> ... Lifespan:  Set to 60 minutes.
2025-04-03 @ 12-25-28:  [ADU_SpawnItems] Loot Spawned [0] BBP_Concrete_Brick_Pile (Printine) @ <1117.749390, 7.000000, 13363.504883> ... Lifespan:  Set to 60 minutes.
2025-04-03 @ 12-25-28:  [ADU_SpawnItems] Spawn failed for item [40] 'BBP_Land_Claim_FlagKit', does not exist in DayZ!
2025-04-03 @ 12-25-28:  ------------------------------------------------------------------------------------------------------------------------------------------------------------------------------------
2025-04-03 @ 12-25-28:  [EOnSimulate] Airdrop Container movedeactivated.
2025-04-03 @ 13-25-16:  [~AirdropContainerBase] Container Destroyed.
2025-04-03 @ 13-25-16:  [~AirdropContainerBase] Container log file closed.
