2025-04-04 @ 21-55-03:  [InitializeContainer] Winds: Vector <0.078427, 0.000000, 0.062043>, Speed 0.1mps, Strength 0
2025-04-04 @ 21-55-03:  [InitializeContainer] Parachute created on @ <9821.940430, 138.086700, 4686.572754>
2025-04-04 @ 21-55-03:  [InitializeContainer] Not Server!
2025-04-04 @ 21-55-17:  [AirdropContainerFall] Airdrop Container Touchdown @ <9821.940430, 38.637482, 4686.572754>
2025-04-04 @ 21-55-17:  [ADU_RemoveParachute] Parachute removed.
2025-04-04 @ 21-55-17:  [ADU_RepositionContainer] Container repositioned.
2025-04-04 @ 21-55-17:  [ADU_SpawnItems] Drop Type 'Military Weapons', Container: 'AirdropContainer_Military', Mode/Quantity/Iems: Random/30/101, Flare:  0%
2025-04-04 @ 21-55-17:  ------------------------------------------------------------------------------------------------------------------------------------------------------------------------------------
2025-04-04 @ 21-55-17:  [ADU_SpawnItems] Loot Spawned [0] Snafu_pkp_250RND_Mag (Worn) @ <9822.591797, 37.620998, 4685.221680> ... Lifespan:  Set to 45 minutes.
2025-04-04 @ 21-55-17:  [ADU_SpawnItems] Loot Spawned [0] CPB_Barret_Tan (Printine) @ <9824.302734, 37.788330, 4688.206543> ... Lifespan:  Set to 45 minutes.
2025-04-04 @ 21-55-17:  [ADU_SpawnItems] Loot Spawned [0] CPB_Barret_Gold (Worn) @ <9819.479492, 37.846268, 4687.892090> ... Lifespan:  Set to 45 minutes.
2025-04-04 @ 21-55-17:  [ADU_SpawnItems] Spawn failed for item [4] '6b13Vest_PixelGreen', does not exist in DayZ!
2025-04-04 @ 21-55-17:  [ADU_SpawnItems] Loot Spawned [0] Battery9V (Worn) @ <9826.529297, 37.841518, 4689.569336> ... Lifespan:  Set to 45 minutes.
2025-04-04 @ 21-55-17:  [ADU_SpawnItems] Loot Spawned [0] Mag_FAMAS_25Rnd (Worn) @ <9825.236328, 37.648365, 4686.402832> ... Lifespan:  Set to 45 minutes.
2025-04-04 @ 21-55-17:  [ADU_SpawnItems] Spawn failed for item [7] '6b13Vest_PixelGreen', does not exist in DayZ!
2025-04-04 @ 21-55-17:  [ADU_SpawnItems] Loot Spawned [0] CPB_M200_PA (Worn) @ <9824.062500, 37.642467, 4685.905762> ... Lifespan:  Set to 45 minutes.
2025-04-04 @ 21-55-17:  [ADU_SpawnItems] Loot Spawned [0] CPB_Barret_Gold (Worn) @ <9820.047852, 37.819019, 4687.677734> ... Lifespan:  Set to 45 minutes.
2025-04-04 @ 21-55-17:  [ADU_SpawnItems] Loot Spawned [0] Izh18 (Worn) @ <9814.870117, 38.190823, 4691.790039> ... Lifespan:  Set to 45 minutes.
2025-04-04 @ 21-55-17:  [ADU_SpawnItems] Loot Spawned [0] CombatKnife (Worn) @ <9817.251953, 37.759907, 4685.572266> ... Lifespan:  Set to 45 minutes.
2025-04-04 @ 21-55-17:  [ADU_SpawnItems] Loot Spawned [0] Rangefinder (Worn) @ <9815.605469, 37.796085, 4685.387695> ... Lifespan:  Set to 45 minutes.
2025-04-04 @ 21-55-17:  [ADU_SpawnItems] Loot Spawned [0] MilitaryBoots_Beige (Printine) @ <9823.662109, 37.985649, 4691.646973> ... Lifespan:  Set to 45 minutes.
2025-04-04 @ 21-55-17:  [ADU_SpawnItems] Loot Spawned [0] MilitaryBoots_Bluerock (Printine) @ <9826.839844, 37.589561, 4685.909180> ... Lifespan:  Set to 45 minutes.
2025-04-04 @ 21-55-17:  [ADU_SpawnItems] Loot Spawned [0] Mosin_Compensator (Printine) @ <9824.084961, 37.818062, 4688.707520> ... Lifespan:  Set to 45 minutes.
2025-04-04 @ 21-55-17:  [ADU_SpawnItems] Loot Spawned [0] Snafu_pkp_250RND_Mag (Printine) @ <9822.517578, 37.827641, 4688.461914> ... Lifespan:  Set to 45 minutes.
2025-04-04 @ 21-55-17:  [ADU_SpawnItems] Loot Spawned [0] Mag_FNX45_15Rnd (Worn) @ <9827.602539, 37.798916, 4688.948730> ... Lifespan:  Set to 45 minutes.
2025-04-04 @ 21-55-17:  [ADU_SpawnItems] Spawn failed for item [18] 'quad_Gen2_Green', does not exist in DayZ!
2025-04-04 @ 21-55-17:  [ADU_SpawnItems] Loot Spawned [0] M4_T3NrdSOptic (Printine) @ <9813.588867, 37.921261, 4686.382813> ... Lifespan:  Set to 45 minutes.
2025-04-04 @ 21-55-17:  [ADU_SpawnItems] Loot Spawned [0] AmmoBox_308Win_20Rnd (Printine) @ <9821.131836, 38.188629, 4694.526367> ... Lifespan:  Set to 45 minutes.
2025-04-04 @ 21-55-17:  [ADU_SpawnItems] Loot Spawned [0] Mag_AKM_30Rnd (Printine) @ <9826.333984, 37.573334, 4685.628418> ... Lifespan:  Set to 45 minutes.
2025-04-04 @ 21-55-17:  [ADU_SpawnItems] Loot Spawned [0] TacticalBaconCan (Printine) @ <9830.305664, 37.317745, 4683.329102> ... Lifespan:  Set to 45 minutes.
2025-04-04 @ 21-55-17:  [ADU_SpawnItems] Spawn failed for item [23] 'quad_Gen2_Black', does not exist in DayZ!
2025-04-04 @ 21-55-17:  [ADU_SpawnItems] Loot Spawned [0] CPB_M200_White (Printine) @ <9824.773438, 37.974926, 4691.646484> ... Lifespan:  Set to 45 minutes.
2025-04-04 @ 21-55-17:  [ADU_SpawnItems] Loot Spawned [0] CPB_DVLSup_Black (Printine) @ <9823.521484, 38.021477, 4692.248047> ... Lifespan:  Set to 45 minutes.
2025-04-04 @ 21-55-17:  [ADU_SpawnItems] Loot Spawned [0] TacticalGloves_Beige (Worn) @ <9822.494141, 37.448059, 4682.689453> ... Lifespan:  Set to 45 minutes.
2025-04-04 @ 21-55-17:  [ADU_SpawnItems] Loot Spawned [0] TacticalGloves_Black (Printine) @ <9822.903320, 37.568947, 4684.476074> ... Lifespan:  Set to 45 minutes.
2025-04-04 @ 21-55-17:  [ADU_SpawnItems] Loot Spawned [0] Battery9V (Worn) @ <9826.609375, 37.963520, 4691.609375> ... Lifespan:  Set to 45 minutes.
2025-04-04 @ 21-55-17:  [ADU_SpawnItems] Loot Spawned [0] AmmoBox_45ACP_25rnd (Printine) @ <9821.369141, 37.476791, 4682.810059> ... Lifespan:  Set to 45 minutes.
2025-04-04 @ 21-55-17:  [ADU_SpawnItems] Loot Spawned [0] Mosin9130 (Printine) @ <9818.475586, 38.044991, 4691.034180> ... Lifespan:  Set to 45 minutes.
2025-04-04 @ 21-55-17:  ------------------------------------------------------------------------------------------------------------------------------------------------------------------------------------
2025-04-04 @ 21-55-17:  [EOnSimulate] Airdrop Container movedeactivated.
2025-04-04 @ 22-00-02:  [~AirdropContainerBase] Container Destroyed.
2025-04-04 @ 22-00-02:  [~AirdropContainerBase] Container log file closed.
