[ClearOldAirdropFiles] Backups Cleanup Started.
[ClearOldAirdropFiles] Backups Cleanup Completed.
[ClearOldAirdropFiles] Logs Cleanup Completed.
[ExportDropZones] Current File was deleted.
[ExportDropZones] Exporting 94 DropZone coordinates.
[ExportDropZones] DropZone coordinates exported to VPP Map file.
[AirdropBase] Base class created & settings loaded.
[EOnCallAirdrop] Not enough player to activate Airdrops (Players 0, Minimum 1)!
[EOnCallAirdrop] Not enough player to activate Airdrops (Players 0, Minimum 1)!
[EOnCallAirdrop] Airdrop called within Operational Flight Hours (From 0000 to 2359)!
[2025-04-03 @ 11-17-41] ----------------------------------------------------------------------------------------------------
[EOnCallAirdrop] DropZone Asigned: Oliver´s Pond @ <4922.000000, 1000.000000, 5877.000000>
[EOnCallAirdrop] DropPoint Assigned: <4922.067871, 66.871246, 5877.392090> (±10m).
[EOnCallAirdrop] Aircraft Spawn Point: Eastern (SW2) border @ <16384.000000, 1000.000000, 926.028259>)
[EOnCallAirdrop] Aircraft Type Called: Land_AN_12
[EOnCallAirdrop] Aircraft Heading/Bearing: -0.40774° / 113.362°, Text: 'South/East (113°)'
[EOnCallAirdrop] Aircraft Dispatched to Oliver´s Pond (16384/926.028), from the South/East (113°).
[EOnCallAirdrop] Next Scehduled Drop: 25 minutes (25/±0) .
[EOnCallAirdrop] Airdrop called within Operational Flight Hours (From 0000 to 2359)!
[2025-04-03 @ 11-43-02] ----------------------------------------------------------------------------------------------------
[EOnCallAirdrop] DropZone Asigned: North of Alcatraz @ <15761.000000, 1000.000000, 5101.000000>
[EOnCallAirdrop] DropPoint Assigned: <15765.612305, 22.240099, 5105.803711> (±10m).
[EOnCallAirdrop] Aircraft Spawn Point: Western (SE2) border @ <0.000000, 1000.000000, 6766.206543>)
[EOnCallAirdrop] Aircraft Type Called: Land_AN_12
[EOnCallAirdrop] Aircraft Heading/Bearing: 3.03633° / 276.031°, Text: 'West (276°)'
[EOnCallAirdrop] Aircraft Dispatched to North of Alcatraz (0/6766.21), from the West (276°).
[EOnCallAirdrop] Next Scehduled Drop: 25 minutes (25/±0) .
