[ClearOldAirdropFiles] Backups Cleanup Started.
[ClearOldAirdropFiles] Backups Cleanup Completed.
[ClearOldAirdropFiles] Airdrop Log File Rremoved:  2025-04-02 @ 02-00-02 AirdropManager.log (3)
[ClearOldAirdropFiles] Airdrop Log File Rremoved:  2025-04-02 @ 03-16-43 AirdropAircraft.log (3)
[ClearOldAirdropFiles] Airdrop Log File Rremoved:  2025-04-02 @ 03-20-33 AirdropContainer.log (3)
[ClearOldAirdropFiles] Airdrop Log File Rremoved:  2025-04-02 @ 03-42-04 AirdropAircraft.log (3)
[ClearOldAirdropFiles] Airdrop Log File Rremoved:  2025-04-02 @ 03-46-34 AirdropContainer.log (3)
[ClearOldAirdropFiles] Airdrop Log File Rremoved:  2025-04-02 @ 04-07-24 AirdropAircraft.log (3)
[ClearOldAirdropFiles] Airdrop Log File Rremoved:  2025-04-02 @ 04-12-29 AirdropContainer.log (3)
[ClearOldAirdropFiles] Airdrop Log File Rremoved:  2025-04-02 @ 04-32-45 AirdropAircraft.log (3)
[ClearOldAirdropFiles] Airdrop Log File Rremoved:  2025-04-02 @ 04-36-24 AirdropContainer.log (3)
[ClearOldAirdropFiles] Airdrop Log File Rremoved:  2025-04-02 @ 04-58-05 AirdropAircraft.log (3)
[ClearOldAirdropFiles] Airdrop Log File Rremoved:  2025-04-02 @ 05-02-02 AirdropContainer.log (3)
[ClearOldAirdropFiles] Airdrop Log File Rremoved:  2025-04-02 @ 05-23-26 AirdropAircraft.log (3)
[ClearOldAirdropFiles] Airdrop Log File Rremoved:  2025-04-02 @ 05-27-04 AirdropContainer.log (3)
[ClearOldAirdropFiles] Airdrop Log File Rremoved:  2025-04-02 @ 06-01-08 AirdropManager.log (3)
[ClearOldAirdropFiles] Airdrop Log File Rremoved:  2025-04-02 @ 10-01-04 AirdropManager.log (3)
[ClearOldAirdropFiles] Airdrop Log File Rremoved:  2025-04-02 @ 11-17-38 AirdropAircraft.log (3)
[ClearOldAirdropFiles] Airdrop Log File Rremoved:  2025-04-02 @ 11-22-23 AirdropContainer.log (3)
[ClearOldAirdropFiles] Airdrop Log File Rremoved:  2025-04-02 @ 11-42-59 AirdropAircraft.log (3)
[ClearOldAirdropFiles] Airdrop Log File Rremoved:  2025-04-02 @ 11-46-53 AirdropContainer.log (3)
[ClearOldAirdropFiles] Airdrop Log File Rremoved:  2025-04-02 @ 12-08-19 AirdropAircraft.log (3)
[ClearOldAirdropFiles] Airdrop Log File Rremoved:  2025-04-02 @ 12-11-49 AirdropContainer.log (3)
[ClearOldAirdropFiles] Airdrop Log File Rremoved:  2025-04-02 @ 12-33-40 AirdropAircraft.log (3)
[ClearOldAirdropFiles] Airdrop Log File Rremoved:  2025-04-02 @ 12-38-23 AirdropContainer.log (3)
[ClearOldAirdropFiles] Airdrop Log File Rremoved:  2025-04-02 @ 14-01-15 AirdropManager.log (3)
[ClearOldAirdropFiles] Airdrop Log File Rremoved:  2025-04-02 @ 18-01-05 AirdropManager.log (3)
[ClearOldAirdropFiles] Airdrop Log File Rremoved:  2025-04-02 @ 18-26-55 AirdropAircraft.log (3)
[ClearOldAirdropFiles] Airdrop Log File Rremoved:  2025-04-02 @ 18-32-59 AirdropContainer.log (3)
[ClearOldAirdropFiles] Airdrop Log File Rremoved:  2025-04-02 @ 18-52-16 AirdropAircraft.log (3)
[ClearOldAirdropFiles] Airdrop Log File Rremoved:  2025-04-02 @ 18-56-40 AirdropContainer.log (3)
[ClearOldAirdropFiles] Airdrop Log File Rremoved:  2025-04-02 @ 19-17-36 AirdropAircraft.log (3)
[ClearOldAirdropFiles] Airdrop Log File Rremoved:  2025-04-02 @ 19-22-45 AirdropContainer.log (3)
[ClearOldAirdropFiles] Airdrop Log File Rremoved:  2025-04-02 @ 19-42-57 AirdropAircraft.log (3)
[ClearOldAirdropFiles] Airdrop Log File Rremoved:  2025-04-02 @ 19-46-39 AirdropContainer.log (3)
[ClearOldAirdropFiles] Airdrop Log File Rremoved:  2025-04-02 @ 20-08-17 AirdropAircraft.log (3)
[ClearOldAirdropFiles] Airdrop Log File Rremoved:  2025-04-02 @ 20-13-45 AirdropContainer.log (3)
[ClearOldAirdropFiles] Airdrop Log File Rremoved:  2025-04-02 @ 20-33-38 AirdropAircraft.log (3)
[ClearOldAirdropFiles] Airdrop Log File Rremoved:  2025-04-02 @ 20-38-01 AirdropContainer.log (3)
[ClearOldAirdropFiles] Airdrop Log File Rremoved:  2025-04-02 @ 22-01-03 AirdropManager.log (3)
[ClearOldAirdropFiles] Airdrop Log File Rremoved:  2025-04-02 @ 23-17-37 AirdropAircraft.log (3)
[ClearOldAirdropFiles] Airdrop Log File Rremoved:  2025-04-02 @ 23-22-43 AirdropContainer.log (3)
[ClearOldAirdropFiles] Logs Cleanup Completed.
[ExportDropZones] Current File was deleted.
[ExportDropZones] Exporting 94 DropZone coordinates.
[ExportDropZones] DropZone coordinates exported to VPP Map file.
[AirdropBase] Base class created & settings loaded.
