2025-04-03 @ 15-00-41:  [InitializeContainer] Winds: Vector <-0.000000, 0.000000, -1.313302>, Speed 1.3133mps, Strength 0
2025-04-03 @ 15-00-41:  [InitializeContainer] Parachute created on @ <236.970215, 101.102356, 11432.553711>
2025-04-03 @ 15-00-41:  [InitializeContainer] Not Server!
2025-04-03 @ 15-00-54:  [AirdropContainerFall] Airdrop Container Touchdown @ <236.970215, 7.931946, 11432.553711>
2025-04-03 @ 15-00-54:  [ADU_RemoveParachute] Parachute removed.
2025-04-03 @ 15-00-54:  [ADU_RepositionContainer] Container repositioned.
2025-04-03 @ 15-00-54:  [ADU_SpawnItems] Drop Type 'Building Supplies', Container: 'AirdropContainer', Mode/Quantity/Iems: Random/40/77, Flare:  10%
2025-04-03 @ 15-00-54:  ------------------------------------------------------------------------------------------------------------------------------------------------------------------------------------
2025-04-03 @ 15-00-54:  [ADU_SpawnItems] Spawn failed for item [1] 'Printer3D_Filament_T1_Blue', does not exist in DayZ!
2025-04-03 @ 15-00-54:  [ADU_SpawnItems] Loot Spawned [0] BBP_Mortar_Mix (Printine) @ <238.544815, 7.000000, 11432.201172> ... Lifespan:  Set to 60 minutes.
2025-04-03 @ 15-00-54:  [ADU_SpawnItems] Loot Spawned [0] NailBox (Printine) @ <233.898499, 7.000000, 11431.107422> ... Lifespan:  Set to 60 minutes.
2025-04-03 @ 15-00-54:  [ADU_SpawnItems] Loot Spawned [0] BBP_Mortar_Mix (Worn) @ <241.391388, 7.000000, 11437.795898> ... Lifespan:  Set to 60 minutes.
2025-04-03 @ 15-00-54:  [ADU_SpawnItems] Loot Spawned [0] DP_CocaBag (Printine) @ <240.838943, 7.000000, 11437.304688> ... Lifespan:  Set to 60 minutes.
2025-04-03 @ 15-00-54:  [ADU_SpawnItems] Loot Spawned [0] BBP_Cement (Printine) @ <233.010132, 7.000000, 11428.938477> ... Lifespan:  Set to 60 minutes.
2025-04-03 @ 15-00-54:  [ADU_SpawnItems] Loot Spawned [0] DP_CocaBrick (Printine) @ <245.512299, 7.000000, 11436.333984> ... Lifespan:  Set to 60 minutes.
2025-04-03 @ 15-00-54:  [ADU_SpawnItems] Spawn failed for item [8] 'HDSN_Detonator', does not exist in DayZ!
2025-04-03 @ 15-00-54:  [ADU_SpawnItems] Loot Spawned [0] NailBox (Worn) @ <236.354111, 7.000000, 11435.375000> ... Lifespan:  Set to 60 minutes.
2025-04-03 @ 15-00-54:  [ADU_SpawnItems] Spawn failed for item [10] 'NewNVG', does not exist in DayZ!
2025-04-03 @ 15-00-54:  [ADU_SpawnItems] Loot Spawned [0] BBP_Cement (Printine) @ <232.483734, 7.000000, 11435.074219> ... Lifespan:  Set to 60 minutes.
2025-04-03 @ 15-00-54:  [ADU_SpawnItems] Spawn failed for item [12] 'Msp_ToolsBench_Blue_Kit', does not exist in DayZ!
2025-04-03 @ 15-00-54:  [ADU_SpawnItems] Loot Spawned [0] NailBox (Worn) @ <239.409698, 7.000000, 11430.513672> ... Lifespan:  Set to 60 minutes.
2025-04-03 @ 15-00-54:  [ADU_SpawnItems] Loot Spawned [0] Renegade_FAL_300Rnd_Mag (Worn) @ <229.148193, 7.000000, 11435.378906> ... Lifespan:  Set to 60 minutes.
2025-04-03 @ 15-00-54:  [ADU_SpawnItems] Loot Spawned [0] CodeLock (Worn) @ <238.262054, 7.000000, 11434.588867> ... Lifespan:  Set to 60 minutes.
2025-04-03 @ 15-00-54:  [ADU_SpawnItems] Loot Spawned [0] BBP_WallPaper_Mural_1 (Printine) @ <229.115173, 7.000000, 11428.363281> ... Lifespan:  Set to 60 minutes.
2025-04-03 @ 15-00-54:  [ADU_SpawnItems] Loot Spawned [0] BBP_Mortar_Mix (Printine) @ <236.170807, 7.000000, 11433.592773> ... Lifespan:  Set to 60 minutes.
2025-04-03 @ 15-00-54:  [ADU_SpawnItems] Loot Spawned [0] BBP_Mortar_Mix (Worn) @ <238.364166, 7.000000, 11432.517578> ... Lifespan:  Set to 60 minutes.
2025-04-03 @ 15-00-54:  [ADU_SpawnItems] Loot Spawned [0] NailBox (Printine) @ <236.953064, 7.000000, 11439.305664> ... Lifespan:  Set to 60 minutes.
2025-04-03 @ 15-00-54:  [ADU_SpawnItems] Loot Spawned [0] BBP_Cement (Printine) @ <240.455032, 7.000000, 11439.778320> ... Lifespan:  Set to 60 minutes.
2025-04-03 @ 15-00-54:  [ADU_SpawnItems] Loot Spawned [0] BBP_WallPaper_Mural_2 (Printine) @ <228.356079, 7.000000, 11436.128906> ... Lifespan:  Set to 60 minutes.
2025-04-03 @ 15-00-54:  [ADU_SpawnItems] Spawn failed for item [22] 'Msp_MilitaryCrate_Brown', does not exist in DayZ!
2025-04-03 @ 15-00-54:  [ADU_SpawnItems] Spawn failed for item [23] 'BBP_Land_Claim_FlagKit', does not exist in DayZ!
2025-04-03 @ 15-00-54:  [ADU_SpawnItems] Loot Spawned [0] BBP_Mortar_Mix (Printine) @ <242.329285, 7.000000, 11424.465820> ... Lifespan:  Set to 60 minutes.
2025-04-03 @ 15-00-54:  [ADU_SpawnItems] Loot Spawned [0] CP_CannabisSeedsNomad (Printine) @ <241.656235, 7.000000, 11432.452148> ... Lifespan:  Set to 60 minutes.
2025-04-03 @ 15-00-54:  [ADU_SpawnItems] Loot Spawned [0] CP_CannabisBrickKush (Worn) @ <236.974716, 7.000000, 11426.290039> ... Lifespan:  Set to 60 minutes.
2025-04-03 @ 15-00-54:  [ADU_SpawnItems] Loot Spawned [0] BBP_Cement (Worn) @ <242.908081, 7.000000, 11432.671875> ... Lifespan:  Set to 60 minutes.
2025-04-03 @ 15-00-54:  [ADU_SpawnItems] Loot Spawned [0] NailBox (Printine) @ <239.374771, 7.000000, 11435.146484> ... Lifespan:  Set to 60 minutes.
2025-04-03 @ 15-00-54:  [ADU_SpawnItems] Loot Spawned [0] NailBox (Worn) @ <241.988480, 7.000000, 11435.326172> ... Lifespan:  Set to 60 minutes.
2025-04-03 @ 15-00-54:  [ADU_SpawnItems] Loot Spawned [0] BBP_Mortar_Mix (Worn) @ <235.534286, 7.000000, 11430.995117> ... Lifespan:  Set to 60 minutes.
2025-04-03 @ 15-00-54:  [ADU_SpawnItems] Loot Spawned [0] SledgeHammer (Printine) @ <237.886108, 7.000000, 11433.286133> ... Lifespan:  Set to 60 minutes.
2025-04-03 @ 15-00-54:  [ADU_SpawnItems] Loot Spawned [0] CP_CannabisSeedsNomad (Worn) @ <234.700638, 7.000000, 11438.184570> ... Lifespan:  Set to 60 minutes.
2025-04-03 @ 15-00-54:  [ADU_SpawnItems] Spawn failed for item [33] 'MassKivaari', does not exist in DayZ!
2025-04-03 @ 15-00-54:  [ADU_SpawnItems] Loot Spawned [0] BBP_Carpet_1 (Worn) @ <241.248123, 7.000000, 11435.869141> ... Lifespan:  Set to 60 minutes.
2025-04-03 @ 15-00-54:  [ADU_SpawnItems] Loot Spawned [0] NailBox (Printine) @ <234.207687, 7.000000, 11431.099609> ... Lifespan:  Set to 60 minutes.
2025-04-03 @ 15-00-54:  [ADU_SpawnItems] Loot Spawned [0] CP_CannabisBrickKush (Printine) @ <239.410507, 7.000000, 11430.782227> ... Lifespan:  Set to 60 minutes.
2025-04-03 @ 15-00-54:  [ADU_SpawnItems] Loot Spawned [0] NailBox (Printine) @ <232.302734, 7.000000, 11432.859375> ... Lifespan:  Set to 60 minutes.
2025-04-03 @ 15-00-54:  [ADU_SpawnItems] Loot Spawned [0] BBP_Cement (Printine) @ <236.845993, 7.000000, 11437.138672> ... Lifespan:  Set to 60 minutes.
2025-04-03 @ 15-00-54:  [ADU_SpawnItems] Loot Spawned [0] BBP_Carpet_1 (Printine) @ <232.544891, 7.000000, 11424.917969> ... Lifespan:  Set to 60 minutes.
2025-04-03 @ 15-00-54:  [ADU_SpawnItems] Loot Spawned [0] CP_CannabisBrickKush (Worn) @ <242.059402, 7.000000, 11432.759766> ... Lifespan:  Set to 60 minutes.
2025-04-03 @ 15-00-54:  ------------------------------------------------------------------------------------------------------------------------------------------------------------------------------------
2025-04-03 @ 15-00-54:  [EOnSimulate] Airdrop Container movedeactivated.
2025-04-03 @ 16-00-41:  [~AirdropContainerBase] Container Destroyed.
2025-04-03 @ 16-00-41:  [~AirdropContainerBase] Container log file closed.
