2025-04-03 @ 17-31-58:  [InitializeContainer] Winds: Vector <-7.194105, 0.000000, -9.159925>, Speed 11.6473mps, Strength 0
2025-04-03 @ 17-31-58:  [InitializeContainer] Parachute created on @ <13815.255859, 100.230911, 9819.939453>
2025-04-03 @ 17-31-58:  [InitializeContainer] Not Server!
2025-04-03 @ 17-32-10:  [AirdropContainerFall] Airdrop Container Touchdown @ <13815.255859, 13.838333, 9819.939453>
2025-04-03 @ 17-32-10:  [ADU_RemoveParachute] Parachute removed.
2025-04-03 @ 17-32-10:  [ADU_RepositionContainer] Container repositioned.
2025-04-03 @ 17-32-10:  [ADU_SpawnItems] Drop Type 'Military Weapons', Container: 'AirdropContainer', Mode/Quantity/Iems: Random/30/71, Flare:  10%
2025-04-03 @ 17-32-10:  ------------------------------------------------------------------------------------------------------------------------------------------------------------------------------------
2025-04-03 @ 17-32-10:  [ADU_SpawnItems] Loot Spawned [0] CP_CannabisBrickKush (Printine) @ <13822.955078, 12.940000, 9816.319336> ... Lifespan:  Set to 60 minutes.
2025-04-03 @ 17-32-10:  [ADU_SpawnItems] Loot Spawned [0] SNHK417_Mag (Worn) @ <13820.166992, 12.940000, 9818.056641> ... Lifespan:  Set to 60 minutes.
2025-04-03 @ 17-32-10:  [ADU_SpawnItems] Loot Spawned [0] CP_CannabisSeedsNomad (Worn) @ <13816.906250, 12.940000, 9819.922852> ... Lifespan:  Set to 60 minutes.
2025-04-03 @ 17-32-10:  [ADU_SpawnItems] Loot Spawned [0] BBP_WallPaper_Mural_2 (Printine) @ <13822.821289, 12.940000, 9813.773438> ... Lifespan:  Set to 60 minutes.
2025-04-03 @ 17-32-10:  [ADU_SpawnItems] Loot Spawned [0] CPB_AWM_Black (Worn) @ <13808.823242, 12.940000, 9822.466797> ... Lifespan:  Set to 60 minutes.
2025-04-03 @ 17-32-10:  [ADU_SpawnItems] Loot Spawned [0] MilitaryBoots_Redpunk (Printine) @ <13813.110352, 12.940000, 9821.979492> ... Lifespan:  Set to 60 minutes.
2025-04-03 @ 17-32-10:  [ADU_SpawnItems] Loot Spawned [0] SNAFUHoneyBadger_30rdMag_Black (Printine) @ <13811.876953, 12.940000, 9823.546875> ... Lifespan:  Set to 60 minutes.
2025-04-03 @ 17-32-10:  [ADU_SpawnItems] Loot Spawned [0] SNAFUHoneyBadger_30rdMag_Black (Printine) @ <13817.096680, 12.940000, 9819.201172> ... Lifespan:  Set to 60 minutes.
2025-04-03 @ 17-32-10:  [ADU_SpawnItems] Loot Spawned [0] CPB_Barret_Green (Printine) @ <13809.136719, 12.940000, 9814.956055> ... Lifespan:  Set to 60 minutes.
2025-04-03 @ 17-32-10:  [ADU_SpawnItems] Loot Spawned [0] SNAFUAX50_Mag (Worn) @ <13820.579102, 12.940000, 9820.066406> ... Lifespan:  Set to 60 minutes.
2025-04-03 @ 17-32-10:  [ADU_SpawnItems] Spawn failed for item [11] 'PlateCarrierComplete', does not exist in DayZ!
2025-04-03 @ 17-32-10:  [ADU_SpawnItems] Spawn failed for item [12] 'Printer3D_Filament_T2_Red', does not exist in DayZ!
2025-04-03 @ 17-32-10:  [ADU_SpawnItems] Loot Spawned [0] SNAFU_MTrijicon (Printine) @ <13818.198242, 12.940000, 9823.348633> ... Lifespan:  Set to 60 minutes.
2025-04-03 @ 17-32-10:  [ADU_SpawnItems] Loot Spawned [0] SNHK417_Mag (Printine) @ <13813.247070, 12.940000, 9824.758789> ... Lifespan:  Set to 60 minutes.
2025-04-03 @ 17-32-10:  [ADU_SpawnItems] Loot Spawned [0] FNX45 (Worn) @ <13813.252930, 12.940000, 9820.331055> ... Lifespan:  Set to 60 minutes.
2025-04-03 @ 17-32-10:  [ADU_SpawnItems] Loot Spawned [0] SNAFU_MTrijicon (Printine) @ <13818.899414, 12.940000, 9823.957031> ... Lifespan:  Set to 60 minutes.
2025-04-03 @ 17-32-10:  [ADU_SpawnItems] Loot Spawned [0] SNAFUAX50_Mag (Printine) @ <13815.560547, 12.940000, 9815.526367> ... Lifespan:  Set to 60 minutes.
2025-04-03 @ 17-32-10:  [ADU_SpawnItems] Loot Spawned [0] CPB_M300_GreenDig (Worn) @ <13813.885742, 12.940000, 9819.943359> ... Lifespan:  Set to 60 minutes.
2025-04-03 @ 17-32-10:  [ADU_SpawnItems] Loot Spawned [0] CP_RollingPapers (Printine) @ <13824.284180, 12.940000, 9819.684570> ... Lifespan:  Set to 60 minutes.
2025-04-03 @ 17-32-10:  [ADU_SpawnItems] Loot Spawned [0] CPB_AX50_Tan (Printine) @ <13816.739258, 12.940000, 9815.274414> ... Lifespan:  Set to 60 minutes.
2025-04-03 @ 17-32-10:  [ADU_SpawnItems] Spawn failed for item [21] 'Vodka', does not exist in DayZ!
2025-04-03 @ 17-32-10:  [ADU_SpawnItems] Loot Spawned [0] BBP_WallPaper_1 (Worn) @ <13813.026367, 12.940000, 9823.094727> ... Lifespan:  Set to 60 minutes.
2025-04-03 @ 17-32-10:  [ADU_SpawnItems] Loot Spawned [0] SNAFUHoneyBadger_Black (Printine) @ <13819.473633, 12.940000, 9824.963867> ... Lifespan:  Set to 60 minutes.
2025-04-03 @ 17-32-10:  [ADU_SpawnItems] Loot Spawned [0] BBP_WallPaper_1 (Printine) @ <13807.721680, 12.940000, 9816.456055> ... Lifespan:  Set to 60 minutes.
2025-04-03 @ 17-32-10:  [ADU_SpawnItems] Loot Spawned [0] LargeTent (Printine) @ <13820.110352, 12.940000, 9813.904297> ... Lifespan:  Set to 60 minutes.
2025-04-03 @ 17-32-10:  [ADU_SpawnItems] Loot Spawned [0] SNHK417_Mag (Printine) @ <13812.859375, 12.940000, 9813.126953> ... Lifespan:  Set to 60 minutes.
2025-04-03 @ 17-32-10:  [ADU_SpawnItems] Loot Spawned [0] WaterBottle (Worn) @ <13812.038086, 12.940000, 9826.439453> ... Lifespan:  Set to 60 minutes.
2025-04-03 @ 17-32-10:  [ADU_SpawnItems] Loot Spawned [0] CPB_AX50_Tan (Worn) @ <13811.326172, 12.940000, 9827.613281> ... Lifespan:  Set to 60 minutes.
2025-04-03 @ 17-32-10:  [ADU_SpawnItems] Loot Spawned [0] CP_CannabisSeedsNomad (Printine) @ <13816.862305, 12.940000, 9815.993164> ... Lifespan:  Set to 60 minutes.
2025-04-03 @ 17-32-10:  [ADU_SpawnItems] Loot Spawned [0] BBP_WallPaper_2 (Printine) @ <13816.514648, 12.940000, 9821.148438> ... Lifespan:  Set to 60 minutes.
2025-04-03 @ 17-32-10:  ------------------------------------------------------------------------------------------------------------------------------------------------------------------------------------
2025-04-03 @ 17-32-10:  [EOnSimulate] Airdrop Container movedeactivated.
2025-04-03 @ 18-00-24:  [~AirdropContainerBase] Container Destroyed.
2025-04-03 @ 18-00-24:  [~AirdropContainerBase] Container log file closed.
