[ClearOldAirdropFiles] Backups Cleanup Started.
[ClearOldAirdropFiles] Backups Cleanup Completed.
[ClearOldAirdropFiles] Airdrop Log File Rremoved:  2025-04-01 @ 00-08-31 AirdropAircraft.log (3)
[ClearOldAirdropFiles] Airdrop Log File Rremoved:  2025-04-01 @ 00-12-13 AirdropContainer.log (3)
[ClearOldAirdropFiles] Airdrop Log File Rremoved:  2025-04-01 @ 00-33-51 AirdropAircraft.log (3)
[ClearOldAirdropFiles] Airdrop Log File Rremoved:  2025-04-01 @ 00-37-16 AirdropContainer.log (3)
[ClearOldAirdropFiles] Airdrop Log File Rremoved:  2025-04-01 @ 00-59-12 AirdropAircraft.log (3)
[ClearOldAirdropFiles] Airdrop Log File Rremoved:  2025-04-01 @ 01-02-21 AirdropContainer.log (3)
[ClearOldAirdropFiles] Airdrop Log File Rremoved:  2025-04-01 @ 01-24-32 AirdropAircraft.log (3)
[ClearOldAirdropFiles] Airdrop Log File Rremoved:  2025-04-01 @ 01-28-34 AirdropContainer.log (3)
[ClearOldAirdropFiles] Airdrop Log File Rremoved:  2025-04-01 @ 01-49-53 AirdropAircraft.log (3)
[ClearOldAirdropFiles] Airdrop Log File Rremoved:  2025-04-01 @ 01-54-25 AirdropContainer.log (3)
[ClearOldAirdropFiles] Airdrop Log File Rremoved:  2025-04-01 @ 02-01-12 AirdropManager.log (3)
[ClearOldAirdropFiles] Airdrop Log File Rremoved:  2025-04-01 @ 03-17-48 AirdropAircraft.log (3)
[ClearOldAirdropFiles] Airdrop Log File Rremoved:  2025-04-01 @ 03-22-44 AirdropContainer.log (3)
[ClearOldAirdropFiles] Airdrop Log File Rremoved:  2025-04-01 @ 03-43-09 AirdropAircraft.log (3)
[ClearOldAirdropFiles] Airdrop Log File Rremoved:  2025-04-01 @ 03-46-48 AirdropContainer.log (3)
[ClearOldAirdropFiles] Airdrop Log File Rremoved:  2025-04-01 @ 04-08-29 AirdropAircraft.log (3)
[ClearOldAirdropFiles] Airdrop Log File Rremoved:  2025-04-01 @ 04-12-16 AirdropContainer.log (3)
[ClearOldAirdropFiles] Airdrop Log File Rremoved:  2025-04-01 @ 04-33-49 AirdropAircraft.log (3)
[ClearOldAirdropFiles] Airdrop Log File Rremoved:  2025-04-01 @ 04-38-46 AirdropContainer.log (3)
[ClearOldAirdropFiles] Airdrop Log File Rremoved:  2025-04-01 @ 04-59-09 AirdropAircraft.log (3)
[ClearOldAirdropFiles] Airdrop Log File Rremoved:  2025-04-01 @ 05-02-23 AirdropContainer.log (3)
[ClearOldAirdropFiles] Airdrop Log File Rremoved:  2025-04-01 @ 05-24-30 AirdropAircraft.log (3)
[ClearOldAirdropFiles] Airdrop Log File Rremoved:  2025-04-01 @ 05-29-31 AirdropContainer.log (3)
[ClearOldAirdropFiles] Airdrop Log File Rremoved:  2025-04-01 @ 06-01-17 AirdropManager.log (3)
[ClearOldAirdropFiles] Airdrop Log File Rremoved:  2025-04-01 @ 10-01-08 AirdropManager.log (3)
[ClearOldAirdropFiles] Airdrop Log File Rremoved:  2025-04-01 @ 14-01-14 AirdropManager.log (3)
[ClearOldAirdropFiles] Airdrop Log File Rremoved:  2025-04-01 @ 18-01-08 AirdropManager.log (3)
[ClearOldAirdropFiles] Airdrop Log File Rremoved:  2025-04-01 @ 19-17-43 AirdropAircraft.log (3)
[ClearOldAirdropFiles] Airdrop Log File Rremoved:  2025-04-01 @ 19-21-50 AirdropContainer.log (3)
[ClearOldAirdropFiles] Airdrop Log File Rremoved:  2025-04-01 @ 19-43-04 AirdropAircraft.log (3)
[ClearOldAirdropFiles] Airdrop Log File Rremoved:  2025-04-01 @ 19-48-26 AirdropContainer.log (3)
[ClearOldAirdropFiles] Airdrop Log File Rremoved:  2025-04-01 @ 20-08-25 AirdropAircraft.log (3)
[ClearOldAirdropFiles] Airdrop Log File Rremoved:  2025-04-01 @ 20-11-48 AirdropContainer.log (3)
[ClearOldAirdropFiles] Airdrop Log File Rremoved:  2025-04-01 @ 20-33-45 AirdropAircraft.log (3)
[ClearOldAirdropFiles] Airdrop Log File Rremoved:  2025-04-01 @ 20-38-25 AirdropContainer.log (3)
[ClearOldAirdropFiles] Airdrop Log File Rremoved:  2025-04-01 @ 20-59-06 AirdropAircraft.log (3)
[ClearOldAirdropFiles] Airdrop Log File Rremoved:  2025-04-01 @ 21-02-21 AirdropContainer.log (3)
[ClearOldAirdropFiles] Airdrop Log File Rremoved:  2025-04-01 @ 21-24-26 AirdropAircraft.log (3)
[ClearOldAirdropFiles] Airdrop Log File Rremoved:  2025-04-01 @ 21-28-52 AirdropContainer.log (3)
[ClearOldAirdropFiles] Airdrop Log File Rremoved:  2025-04-01 @ 22-01-13 AirdropManager.log (3)
[ClearOldAirdropFiles] Logs Cleanup Completed.
[ExportDropZones] Current File was deleted.
[ExportDropZones] Exporting 94 DropZone coordinates.
[ExportDropZones] DropZone coordinates exported to VPP Map file.
[AirdropBase] Base class created & settings loaded.
[EOnCallAirdrop] Not enough player to activate Airdrops (Players 0, Minimum 1)!
[EOnCallAirdrop] Not enough player to activate Airdrops (Players 0, Minimum 1)!
[EOnCallAirdrop] Not enough player to activate Airdrops (Players 0, Minimum 1)!
[EOnCallAirdrop] Not enough player to activate Airdrops (Players 0, Minimum 1)!
[EOnCallAirdrop] Not enough player to activate Airdrops (Players 0, Minimum 1)!
[EOnCallAirdrop] Not enough player to activate Airdrops (Players 0, Minimum 1)!
[EOnCallAirdrop] Not enough player to activate Airdrops (Players 0, Minimum 1)!
[EOnCallAirdrop] Not enough player to activate Airdrops (Players 0, Minimum 1)!
[EOnCallAirdrop] Not enough player to activate Airdrops (Players 0, Minimum 1)!
